539 0.0138479
1040 21.1923
1541 11.2155
2042 9.3182
2543 15.8986
3044 14.2415
3545 14.1214
4047 22.8416
4548 10.495
5049 23.2723
5551 23.5607
6052 22.0226
6553 25.577
7058 18.9415
7559 10.4229
8060 15.8746
8561 12.4163
9062 15.4903
9563 19.3329
10064 6.05202
10565 15.1301
11066 15.4423
11567 16.523
12068 19.0447
12569 21.062
13070 21.9754
13571 23.6557
14072 23.8719
14573 28.9392
15074 29.0833
15575 28.0987
16076 24.8325
16586 18.7558
17088 14.0214
17590 16.7537
18091 13.3289
18592 18.6604
19093 24.6884
19595 17.5926
20096 15.4423
20597 22.4069
21098 21.9746
21599 18.2521
22100 28.1707
22601 29.4676
23102 28.1467
23603 29.5637
24104 22.0467
24605 24.7845
25106 31.1247
25607 29.4676
26108 28.2908
26609 29.2034
27110 29.6597
27611 30.1881
28112 30.6684
28613 30.5723
29114 30.092
29615 28.555
30116 28.2668
30617 29.9479
31118 30.4282
31619 25.1696
32120 30.9086
32621 29.1794
33122 26.6097
33623 25.9132
34124 25.6491
34625 25.625
35126 25.8172
35627 26.1774
36128 25.3128
36629 25.2648
37130 24.6884
37631 25.8412
38132 26.2735
38633 26.5136
39134 25.6731
39635 26.2495
40136 27.5223
40637 28.1707
41138 29.2034
41639 27.9306
42140 25.529
42641 28.7951
43142 27.066
43643 25.7931
44144 24.9526
44645 22.2148
45146 24.04
45647 24.7124
46148 24.5203
46649 24.7124
47150 25.2168
47651 24.3282
48152 24.1601
48653 24.2561
49154 26.7298
49655 24.8805
50156 25.1447
50657 25.0727
51158 25.3849
51659 23.9439
52160 18.2281
52661 27.4743
53162 28.2428
53663 27.138
54164 26.1294
54665 24.8565
55166 25.3849
55667 25.0006
56168 22.575
56669 23.2475
57170 24.8085
57671 26.8979
58172 28.7231
58673 29.1074
59174 27.6424
59675 28.6991
60176 28.7711
60677 29.2274
61178 27.3782
