538 0.0471822
1039 17.629
1540 8.55601
2041 7.33707
2542 14.6507
3043 15.0258
3544 19.6671
4058 22.9168
4559 9.68201
5060 28.6685
5561 27.1214
6062 23.4177
6563 26.4885
7068 17.9532
7569 8.4388
8070 15.7759
8571 11.744
9072 17.8152
9588 20.9844
10089 4.99296
10590 20.089
11091 18.5888
11592 13.4786
12093 23.3482
12594 20.2297
13095 26.5119
13596 27.051
14097 29.2545
14598 32.1378
15099 39.2639
15600 37.7636
16101 31.8096
16624 19.5135
17130 14.1346
17631 18.5654
18132 13.4786
18633 25.2461
19134 35.3492
19635 16.1978
20136 13.924
20637 23.6286
21138 29.6296
21639 18.0262
22140 29.3483
22641 29.1608
23142 23.9334
23643 29.5124
24144 19.5265
24645 24.5429
25146 29.2545
25647 29.6999
26148 28.7865
26649 28.1762
27150 28.7388
27651 27.8715
28152 28.856
28653 27.4964
29154 25.082
29655 27.051
30156 30.6375
30657 29.0904
31158 28.7623
31659 28.4341
32160 25.5977
32661 24.5429
33162 24.7304
33663 25.5039
34164 25.1992
34665 25.5039
35166 27.848
35667 27.9653
36168 28.7154
36669 27.6371
37170 28.1059
37671 28.3638
38172 28.3638
38673 28.5278
39174 28.3403
39675 29.6765
40176 34.2006
40677 64.8381
41178 65.5179
41679 72.8316
42180 81.411
42681 82.7706
43182 64.1115
43683 58.4856
44184 44.7491
44685 42.2643
45186 55.8367
45687 49.156
46188 55.9774
46690 22.833
47191 0
47692 0
48194 0
48695 0
49196 0
49698 0
50199 0
50700 0
51201 0
51702 0
52203 0
52704 0
53205 0
53706 0
54207 0
54708 0
55209 0
55710 0
56211 0
56712 0
57213 0
57714 0
58215 0
58716 0
59217 0
59718 0
60219 0
60720 0
61221 0
61722 0
62223 0
62724 0
63225 0
63726 0
64227 0
64728 0
