538 0.0150632
1039 6.7094
1542 11.8406
2043 7.20479
2544 10.3269
3045 12.4403
3546 12.5363
4047 19.2128
4548 7.25365
5049 20.0773
5551 20.8043
6052 18.7325
6553 21.5423
7058 16.2015
7560 6.37552
8061 11.2875
8562 9.03
9063 13.0887
9567 17.9048
10068 3.96263
10569 12.9686
11070 14.6017
11571 11.7438
12072 16.8832
12573 17.2915
13074 19.5018
13575 21.4943
14076 23.3675
14577 23.6557
15078 26.2254
15579 26.0813
16080 20.8218
16587 15.307
17090 9.25722
17592 11.4328
18093 9.91859
18594 15.3702
19095 25.0487
19596 12.7765
20097 10.1588
20598 21.6864
21099 20.7258
21600 14.2175
22101 28.0507
22602 26.3455
23103 21.2541
23604 26.5617
24105 16.7151
24606 18.1801
25107 26.6097
25608 25.4569
26109 26.8979
26610 25.2888
27111 26.5376
27612 25.2888
28113 26.7298
28614 24.9286
29115 22.8152
29616 24.2081
30117 25.9381
30618 26.2975
31119 26.0813
31620 26.1294
32121 22.8632
32622 22.2868
33123 22.8632
33624 22.6951
34125 22.7912
34626 22.4549
35127 22.7191
35628 22.9833
36129 22.4549
36630 22.2388
37131 21.4222
37632 23.1034
38133 22.7191
38634 22.8632
39135 22.7431
39636 23.3675
40137 23.9439
40638 24.7364
41139 25.0487
41640 25.9132
42141 26.1534
42642 26.1534
43143 23.6797
43644 22.4309
44145 22.1908
44646 19.8612
45147 23.4396
45648 22.3589
46149 23.1994
46650 22.9352
47151 22.8392
47652 23.1514
48153 22.6471
48654 23.2234
49155 25.0967
49656 22.4549
50157 23.1034
50658 22.6951
51159 22.9833
51660 21.7104
52161 19.9092
52662 25.6491
53163 26.1534
53664 22.2628
54165 22.7912
54666 22.3829
55167 22.623
55668 23.4396
56169 20.1254
56670 20.7738
57171 24.5924
57673 25.0467
58174 26.4416
58675 25.4329
59176 23.2234
59677 26.2014
60178 25.7451
60679 26.6097
