529 0.0361285
1030 10.5857
1531 6.14157
2032 3.58649
2533 9.11859
3034 11.2986
3535 12.8223
4036 19.0116
4537 5.86028
5038 20.0656
5539 21.3549
6040 16.3385
6541 22.1753
7042 15.8931
7543 4.92263
8044 11.6971
8545 7.6418
9046 14.2991
9547 19.2217
10051 3.16902
10552 14.3694
11053 13.0098
11554 19.0585
12055 22.5269
12556 23.8631
13057 25.668
13558 29.9109
14059 31.7862
14560 31.6455
15061 24.8945
15562 26.0196
16063 19.5265
16566 16.0634
17067 8.25127
17568 9.96248
18070 8.09447
18571 16.1275
19072 24.1912
19574 12.3756
20075 9.54053
20576 20.4641
21077 20.1828
21578 14.5101
22079 26.676
22580 25.5039
23081 21.4252
23582 25.1289
24083 17.2761
24584 17.9793
25085 25.3633
25586 24.8476
26087 25.1289
26588 25.0828
27089 26.8166
27590 24.6601
28091 26.6526
28592 23.9568
29093 23.3005
29594 23.9568
30095 25.5039
30596 25.9962
31097 25.2461
31598 26.6057
32099 22.691
32600 21.5658
33101 22.5504
33602 22.8785
34103 22.2691
34604 22.0581
35105 22.9957
35606 22.5269
36107 21.8706
36608 23.3474
37109 20.7923
37610 21.7299
38111 22.9254
38612 22.8316
39113 21.7299
39614 23.6521
40115 23.2301
40616 25.3164
41117 24.4491
41618 25.5508
42119 25.1992
42620 26.0665
43121 23.8162
43622 22.8082
44123 21.0032
44624 19.9015
45125 22.2456
45626 22.3159
46127 22.0815
46628 22.9723
47129 22.7613
47630 22.8785
48131 22.1987
48632 22.6441
49133 24.9882
49634 22.6207
50135 22.6207
50636 22.2925
51137 22.9489
51638 21.7299
52139 19.4327
52640 24.9179
53141 25.7852
53642 22.0347
54143 22.691
54644 21.8002
55145 22.9957
55646 23.1372
56147 19.4092
56648 21.3783
57149 22.9489
57650 24.9882
58151 26.3244
58652 25.2695
59153 22.8551
59654 25.879
60155 25.9493
60656 25.4336
